<?xml version="1.0" encoding="UTF-8"?>
<testsuite name="JUnit Jupiter" tests="1" skipped="0" failures="0" errors="0" time="8.447" hostname="W50019864L" timestamp="2021-09-30T20:55:24">
<properties>
<property name="CONSOLE_LOG_CHARSET" value="windows-1252"/>
<property name="FILE_LOG_CHARSET" value="windows-1252"/>
<property name="PID" value="32664"/>
<property name="awt.toolkit" value="sun.awt.windows.WToolkit"/>
<property name="catalina.base" value="C:\Users\m999jad\AppData\Local\Temp\1\tomcat.0.17360719135729499390"/>
<property name="catalina.home" value="C:\Users\m999jad\AppData\Local\Temp\1\tomcat.0.17360719135729499390"/>
<property name="catalina.useNaming" value="false"/>
<property name="file.encoding" value="Cp1252"/>
<property name="file.separator" value="\"/>
<property name="java.awt.graphicsenv" value="sun.awt.Win32GraphicsEnvironment"/>
<property name="java.awt.headless" value="true"/>
<property name="java.awt.printerjob" value="sun.awt.windows.WPrinterJob"/>
<property name="java.class.path" value="C:\Users\m999jad\.jeka\cache\url-content\jeka-embedded-bd5916e3ad941662a6e841147dc6a41a.jar;C:\Users\m999jad\IdeaProjects\sonarqube-plugin\dev.jeka.plugins.sonarqube-sample\.idea\output\test;C:\Users\m999jad\IdeaProjects\sonarqube-plugin\dev.jeka.plugins.sonarqube-sample\.idea\output\production;C:\Users\m999jad\.jeka\cache\repo\org.springframework.boot\spring-boot-starter-web\jars\spring-boot-starter-web-2.5.5.jar;C:\Users\m999jad\.jeka\cache\repo\org.springframework.boot\spring-boot-starter\jars\spring-boot-starter-2.5.5.jar;C:\Users\m999jad\.jeka\cache\repo\org.springframework.boot\spring-boot\jars\spring-boot-2.5.5.jar;C:\Users\m999jad\.jeka\cache\repo\org.springframework\spring-core\jars\spring-core-5.3.10.jar;C:\Users\m999jad\.jeka\cache\repo\org.springframework\spring-jcl\jars\spring-jcl-5.3.10.jar;C:\Users\m999jad\.jeka\cache\repo\org.springframework\spring-context\jars\spring-context-5.3.10.jar;C:\Users\m999jad\.jeka\cache\repo\org.springframework\spring-aop\jars\spring-aop-5.3.10.jar;C:\Users\m999jad\.jeka\cache\repo\org.springframework\spring-beans\jars\spring-beans-5.3.10.jar;C:\Users\m999jad\.jeka\cache\repo\org.springframework\spring-expression\jars\spring-expression-5.3.10.jar;C:\Users\m999jad\.jeka\cache\repo\org.springframework.boot\spring-boot-autoconfigure\jars\spring-boot-autoconfigure-2.5.5.jar;C:\Users\m999jad\.jeka\cache\repo\org.springframework.boot\spring-boot-starter-logging\jars\spring-boot-starter-logging-2.5.5.jar;C:\Users\m999jad\.jeka\cache\repo\ch.qos.logback\logback-classic\jars\logback-classic-1.2.6.jar;C:\Users\m999jad\.jeka\cache\repo\ch.qos.logback\logback-core\jars\logback-core-1.2.6.jar;C:\Users\m999jad\.jeka\cache\repo\org.slf4j\slf4j-api\jars\slf4j-api-1.7.32.jar;C:\Users\m999jad\.jeka\cache\repo\org.apache.logging.log4j\log4j-to-slf4j\jars\log4j-to-slf4j-2.14.1.jar;C:\Users\m999jad\.jeka\cache\repo\org.slf4j\jul-to-slf4j\jars\jul-to-slf4j-1.7.32.jar;C:\Users\m999jad\.jeka\cache\repo\jakarta.annotation\jakarta.annotation-api\jars\jakarta.annotation-api-1.3.5.jar;C:\Users\m999jad\.jeka\cache\repo\org.yaml\snakeyaml\bundles\snakeyaml-1.28.jar;C:\Users\m999jad\.jeka\cache\repo\org.springframework.boot\spring-boot-starter-json\jars\spring-boot-starter-json-2.5.5.jar;C:\Users\m999jad\.jeka\cache\repo\org.springframework\spring-web\jars\spring-web-5.3.10.jar;C:\Users\m999jad\.jeka\cache\repo\com.fasterxml.jackson.core\jackson-databind\bundles\jackson-databind-2.12.5.jar;C:\Users\m999jad\.jeka\cache\repo\com.fasterxml.jackson.core\jackson-annotations\bundles\jackson-annotations-2.12.5.jar;C:\Users\m999jad\.jeka\cache\repo\com.fasterxml.jackson.core\jackson-core\bundles\jackson-core-2.12.5.jar;C:\Users\m999jad\.jeka\cache\repo\com.fasterxml.jackson.datatype\jackson-datatype-jdk8\bundles\jackson-datatype-jdk8-2.12.5.jar;C:\Users\m999jad\.jeka\cache\repo\com.fasterxml.jackson.datatype\jackson-datatype-jsr310\bundles\jackson-datatype-jsr310-2.12.5.jar;C:\Users\m999jad\.jeka\cache\repo\com.fasterxml.jackson.module\jackson-module-parameter-names\bundles\jackson-module-parameter-names-2.12.5.jar;C:\Users\m999jad\.jeka\cache\repo\org.springframework.boot\spring-boot-starter-tomcat\jars\spring-boot-starter-tomcat-2.5.5.jar;C:\Users\m999jad\.jeka\cache\repo\org.apache.tomcat.embed\tomcat-embed-core\jars\tomcat-embed-core-9.0.53.jar;C:\Users\m999jad\.jeka\cache\repo\org.apache.tomcat.embed\tomcat-embed-el\jars\tomcat-embed-el-9.0.53.jar;C:\Users\m999jad\.jeka\cache\repo\org.apache.tomcat.embed\tomcat-embed-websocket\jars\tomcat-embed-websocket-9.0.53.jar;C:\Users\m999jad\.jeka\cache\repo\org.springframework\spring-webmvc\jars\spring-webmvc-5.3.10.jar;C:\Users\m999jad\.jeka\cache\repo\org.springframework.boot\spring-boot-starter-test\jars\spring-boot-starter-test-2.5.5.jar;C:\Users\m999jad\.jeka\cache\repo\org.springframework.boot\spring-boot-test\jars\spring-boot-test-2.5.5.jar;C:\Users\m999jad\.jeka\cache\repo\org.springframework.boot\spring-boot-test-autoconfigure\jars\spring-boot-test-autoconfigure-2.5.5.jar;C:\Users\m999jad\.jeka\cache\repo\com.jayway.jsonpath\json-path\jars\json-path-2.5.0.jar;C:\Users\m999jad\.jeka\cache\repo\net.minidev\json-smart\bundles\json-smart-2.4.7.jar;C:\Users\m999jad\.jeka\cache\repo\net.minidev\accessors-smart\bundles\accessors-smart-2.4.7.jar;C:\Users\m999jad\.jeka\cache\repo\org.ow2.asm\asm\jars\asm-9.1.jar;C:\Users\m999jad\.jeka\cache\repo\jakarta.xml.bind\jakarta.xml.bind-api\jars\jakarta.xml.bind-api-2.3.3.jar;C:\Users\m999jad\.jeka\cache\repo\jakarta.activation\jakarta.activation-api\jars\jakarta.activation-api-1.2.2.jar;C:\Users\m999jad\.jeka\cache\repo\org.assertj\assertj-core\jars\assertj-core-3.19.0.jar;C:\Users\m999jad\.jeka\cache\repo\org.hamcrest\hamcrest\jars\hamcrest-2.2.jar;C:\Users\m999jad\.jeka\cache\repo\org.junit.jupiter\junit-jupiter\jars\junit-jupiter-5.7.2.jar;C:\Users\m999jad\.jeka\cache\repo\org.junit.jupiter\junit-jupiter-api\jars\junit-jupiter-api-5.7.2.jar;C:\Users\m999jad\.jeka\cache\repo\org.apiguardian\apiguardian-api\jars\apiguardian-api-1.1.0.jar;C:\Users\m999jad\.jeka\cache\repo\org.opentest4j\opentest4j\jars\opentest4j-1.2.0.jar;C:\Users\m999jad\.jeka\cache\repo\org.junit.platform\junit-platform-commons\jars\junit-platform-commons-1.7.2.jar;C:\Users\m999jad\.jeka\cache\repo\org.junit.jupiter\junit-jupiter-params\jars\junit-jupiter-params-5.7.2.jar;C:\Users\m999jad\.jeka\cache\repo\org.junit.jupiter\junit-jupiter-engine\jars\junit-jupiter-engine-5.7.2.jar;C:\Users\m999jad\.jeka\cache\repo\org.junit.platform\junit-platform-engine\jars\junit-platform-engine-1.7.2.jar;C:\Users\m999jad\.jeka\cache\repo\org.mockito\mockito-core\jars\mockito-core-3.9.0.jar;C:\Users\m999jad\.jeka\cache\repo\net.bytebuddy\byte-buddy\jars\byte-buddy-1.10.22.jar;C:\Users\m999jad\.jeka\cache\repo\net.bytebuddy\byte-buddy-agent\jars\byte-buddy-agent-1.10.22.jar;C:\Users\m999jad\.jeka\cache\repo\org.objenesis\objenesis\jars\objenesis-3.2.jar;C:\Users\m999jad\.jeka\cache\repo\org.mockito\mockito-junit-jupiter\jars\mockito-junit-jupiter-3.9.0.jar;C:\Users\m999jad\.jeka\cache\repo\org.skyscreamer\jsonassert\jars\jsonassert-1.5.0.jar;C:\Users\m999jad\.jeka\cache\repo\com.vaadin.external.google\android-json\jars\android-json-0.0.20131108.vaadin1.jar;C:\Users\m999jad\.jeka\cache\repo\org.springframework\spring-test\jars\spring-test-5.3.10.jar;C:\Users\m999jad\.jeka\cache\repo\org.xmlunit\xmlunit-core\jars\xmlunit-core-2.8.2.jar;C:\Users\m999jad\IdeaProjects\sonarqube-plugin\dev.jeka.plugins.sonarqube\jeka\wrapper\dev.jeka.jeka-core-wrapper.jar;C:\Dev\ideaProjects\jeka\dev.jeka.core\jeka\output\distrib\dev.jeka.jeka-core.jar;C:\Users\m999jad\IdeaProjects\sonarqube-plugin\dev.jeka.plugins.sonarqube\jeka\output\dev.jeka.sonarqube-plugin.jar;C:\Users\m999jad\.jeka\cache\repo\dev.jeka\springboot-plugin\jars\springboot-plugin-3.0.0.RC10.jar;C:\Users\m999jad\IdeaProjects\sonarqube-plugin\dev.jeka.plugins.sonarqube\.idea\output\test;C:\Users\m999jad\IdeaProjects\sonarqube-plugin\dev.jeka.plugins.sonarqube\.idea\output\production;C:\Users\m999jad\IdeaProjects\sonarqube-plugin\dev.jeka.plugins.sonarqube-sample\jeka\output\test-classes;C:\Users\m999jad\IdeaProjects\sonarqube-plugin\dev.jeka.plugins.sonarqube-sample\jeka\output\classes;C:\Users\m999jad\.jeka\cache\url-content\junit-platform-launcher-1.8.1.jar;C:\Users\m999jad\.jeka\cache\url-content\junit-platform-reporting-1.8.1.jar"/>
<property name="java.class.version" value="55.0"/>
<property name="java.home" value="C:\Dev\java-11-openjdk-11.0.8.10-2.windows.redhat.x86_64"/>
<property name="java.io.tmpdir" value="C:\Users\m999jad\AppData\Local\Temp\1\"/>
<property name="java.library.path" value="C:\Dev\java-11-openjdk-11.0.8.10-2.windows.redhat.x86_64\bin;C:\WINDOWS\Sun\Java\bin;C:\WINDOWS\system32;C:\WINDOWS;C:\Program Files\IBM\MQ\java\lib;C:\Program Files\IBM\MQ\java\lib64;C:\Program Files (x86)\Common Files\Oracle\Java\javapath;C:\WINDOWS\system32;C:\WINDOWS;C:\WINDOWS\System32\Wbem;C:\WINDOWS\System32\WindowsPowerShell\v1.0\;C:\WINDOWS\System32\OpenSSH\;C:\Program Files (x86)\IBM\Client Access\Shared;C:\Program Files (x86)\IBM\Client Access\;C:\Program Files (x86)\Plantronics\Spokes3G\;C:\dev\node-v10.15.0-x64\;C:\Program Files\PuTTY\;C:\Program Files\IBM\MQ\bin64;C:\Program Files\IBM\MQ\bin;C:\Program Files\IBM\MQ\tools\c\samples\bin;C:\Program Files (x86)\Pulse Secure\VC142.CRT\X64\;C:\Program Files (x86)\Pulse Secure\VC142.CRT\X86\;c:\dev\git_client\cmd;C:\Program Files (x86)\Common Files\Oracle\Java\javapath;C:\WINDOWS\system32;C:\WINDOWS;C:\WINDOWS\System32\Wbem;C:\WINDOWS\System32\WindowsPowerShell\v1.0\;C:\WINDOWS\System32\OpenSSH\;C:\Program Files (x86)\IBM\Client Access\Shared;C:\Program Files (x86)\IBM\Client Access\;C:\Program Files (x86)\Plantronics\Spokes3G\;c:\dev\git_client\cmd;C:\dev\node-v10.15.0-x64\;C:\Program Files\PuTTY\;C:\Users\m999jad\AppData\Local\Microsoft\WindowsApps;C:\Dev\apache-maven-3.5.4\bin;C:\Dev\curl-7.72.0-win64-mingw\bin;C:\Users\m999jad\AppData\Local\Microsoft\WindowsApps;C:\Dev\ideaProjects\jeka\dev.jeka.core\jeka\output\distrib;;."/>
<property name="java.runtime.name" value="OpenJDK Runtime Environment"/>
<property name="java.runtime.version" value="11.0.8+10-LTS"/>
<property name="java.specification.name" value="Java Platform API Specification"/>
<property name="java.specification.vendor" value="Oracle Corporation"/>
<property name="java.specification.version" value="11"/>
<property name="java.vendor" value="Red Hat, Inc."/>
<property name="java.vendor.url" value="https://access.redhat.com/"/>
<property name="java.vendor.url.bug" value="https://bugzilla.redhat.com/enter_bug.cgi"/>
<property name="java.vendor.version" value="18.9"/>
<property name="java.version" value="11.0.8"/>
<property name="java.version.date" value="2020-07-14"/>
<property name="java.vm.compressedOopsMode" value="Zero based"/>
<property name="java.vm.info" value="mixed mode"/>
<property name="java.vm.name" value="OpenJDK 64-Bit Server VM"/>
<property name="java.vm.specification.name" value="Java Virtual Machine Specification"/>
<property name="java.vm.specification.vendor" value="Oracle Corporation"/>
<property name="java.vm.specification.version" value="11"/>
<property name="java.vm.vendor" value="Red Hat, Inc."/>
<property name="java.vm.version" value="11.0.8+10-LTS"/>
<property name="jdk.debug" value="release"/>
<property name="line.separator" value="
"/>
<property name="os.arch" value="amd64"/>
<property name="os.name" value="Windows 10"/>
<property name="os.version" value="10.0"/>
<property name="path.separator" value=";"/>
<property name="spring.beaninfo.ignore" value="true"/>
<property name="sun.arch.data.model" value="64"/>
<property name="sun.boot.library.path" value="C:\Dev\java-11-openjdk-11.0.8.10-2.windows.redhat.x86_64\bin"/>
<property name="sun.cpu.endian" value="little"/>
<property name="sun.cpu.isalist" value="amd64"/>
<property name="sun.desktop" value="windows"/>
<property name="sun.io.unicode.encoding" value="UnicodeLittle"/>
<property name="sun.java.command" value="dev.jeka.core.api.java.testing.JkTestProcessor C:\Users\m999jad\AppData\Local\Temp\1\testArgs-16151754542917182311.ser"/>
<property name="sun.java.launcher" value="SUN_STANDARD"/>
<property name="sun.jnu.encoding" value="Cp1252"/>
<property name="sun.management.compiler" value="HotSpot 64-Bit Tiered Compilers"/>
<property name="sun.os.patch.level" value=""/>
<property name="user.country" value="GB"/>
<property name="user.country.format" value="BE"/>
<property name="user.dir" value="C:\Users\m999jad\IdeaProjects\sonarqube-plugin\dev.jeka.plugins.sonarqube-sample"/>
<property name="user.home" value="C:\Users\m999jad"/>
<property name="user.language" value="en"/>
<property name="user.name" value="M999JAD"/>
<property name="user.script" value=""/>
<property name="user.timezone" value="Europe/Paris"/>
<property name="user.variant" value=""/>
</properties>
<testcase name="helloWorld()" classname="your.basepackage.ControllerIT" time="0.933">
<system-out><![CDATA[
unique-id: [engine:junit-jupiter]/[class:your.basepackage.ControllerIT]/[method:helloWorld()]
display-name: helloWorld()
]]></system-out>
</testcase>
<system-out><![CDATA[
unique-id: [engine:junit-jupiter]
display-name: JUnit Jupiter
]]></system-out>
</testsuite>
