<?xml version="1.0" encoding="UTF-8"?>
<testsuite name="JUnit Vintage" tests="0" skipped="0" failures="0" errors="0" time="0.006" hostname="W50019864L" timestamp="2021-10-01T16:47:45">
<properties>
<property name="awt.toolkit" value="sun.awt.windows.WToolkit"/>
<property name="file.encoding" value="Cp1252"/>
<property name="file.encoding.pkg" value="sun.io"/>
<property name="file.separator" value="\"/>
<property name="java.awt.graphicsenv" value="sun.awt.Win32GraphicsEnvironment"/>
<property name="java.awt.printerjob" value="sun.awt.windows.WPrinterJob"/>
<property name="java.class.path" value="C:\Users\m999jad\IdeaProjects\sonarqube-plugin\dev.jeka.plugins.sonarqube\.idea\output\test;C:\Users\m999jad\IdeaProjects\sonarqube-plugin\dev.jeka.plugins.sonarqube\.idea\output\production;C:\Users\m999jad\IdeaProjects\sonarqube-plugin\dev.jeka.plugins.sonarqube\jeka\wrapper\dev.jeka.jeka-core-wrapper.jar;C:\Users\m999jad\.jeka\cache\wrapper\0.9.15.M1\dev.jeka.jeka-core.jar;C:\Users\m999jad\.gradle\caches\modules-2\files-2.1\com.jetbrains.intellij.idea\ideaIC\2020.1\cbeeb1f1aebd4c9ea8fb5ab990c5904a676fc41a\ideaIC-2020.1\lib\idea_rt.jar;C:\Users\m999jad\.jeka\cache\url-content\jeka-embedded-b0a5f71e46b51bbedd51b466878b9f64.jar;C:\Users\m999jad\IdeaProjects\sonarqube-plugin\dev.jeka.plugins.sonarqube\jeka\output\classes;C:\Users\m999jad\.jeka\cache\url-content\junit-platform-launcher-1.8.1.jar;C:\Users\m999jad\.jeka\cache\url-content\junit-platform-reporting-1.8.1.jar;C:\Users\m999jad\.jeka\cache\url-content\junit-platform-commons-1.8.1.jar;C:\Users\m999jad\.jeka\cache\url-content\junit-platform-engine-1.8.1.jar;C:\Users\m999jad\.jeka\cache\url-content\opentest4j-1.2.0.jar;C:\Users\m999jad\.jeka\cache\url-content\junit-vintage-engine-5.8.1.jar;C:\Users\m999jad\.jeka\cache\url-content\junit-4.13.jar"/>
<property name="java.class.version" value="52.0"/>
<property name="java.endorsed.dirs" value="C:\Dev\jdk_1.8.0.91_64\jre\lib\endorsed"/>
<property name="java.ext.dirs" value="C:\Dev\jdk_1.8.0.91_64\jre\lib\ext;C:\WINDOWS\Sun\Java\lib\ext"/>
<property name="java.home" value="C:\Dev\jdk_1.8.0.91_64\jre"/>
<property name="java.io.tmpdir" value="C:\Users\m999jad\AppData\Local\Temp\1\"/>
<property name="java.library.path" value="C:\Dev\jdk_1.8.0.91_64\jre\bin;C:\WINDOWS\Sun\Java\bin;C:\WINDOWS\system32;C:\WINDOWS;C:\Program Files\IBM\MQ\java\lib;C:\Program Files\IBM\MQ\java\lib64;C:\Program Files (x86)\Common Files\Oracle\Java\javapath;C:\WINDOWS\system32;C:\WINDOWS;C:\WINDOWS\System32\Wbem;C:\WINDOWS\System32\WindowsPowerShell\v1.0\;C:\WINDOWS\System32\OpenSSH\;C:\Program Files (x86)\IBM\Client Access\Shared;C:\Program Files (x86)\IBM\Client Access\;C:\Program Files (x86)\Plantronics\Spokes3G\;C:\dev\node-v10.15.0-x64\;C:\Program Files\PuTTY\;C:\Program Files\IBM\MQ\bin64;C:\Program Files\IBM\MQ\bin;C:\Program Files\IBM\MQ\tools\c\samples\bin;C:\Program Files (x86)\Pulse Secure\VC142.CRT\X64\;C:\Program Files (x86)\Pulse Secure\VC142.CRT\X86\;c:\dev\git_client\cmd;C:\Program Files (x86)\Common Files\Oracle\Java\javapath;C:\WINDOWS\system32;C:\WINDOWS;C:\WINDOWS\System32\Wbem;C:\WINDOWS\System32\WindowsPowerShell\v1.0\;C:\WINDOWS\System32\OpenSSH\;C:\Program Files (x86)\IBM\Client Access\Shared;C:\Program Files (x86)\IBM\Client Access\;C:\Program Files (x86)\Plantronics\Spokes3G\;c:\dev\git_client\cmd;C:\dev\node-v10.15.0-x64\;C:\Program Files\PuTTY\;C:\Users\m999jad\AppData\Local\Microsoft\WindowsApps;C:\Dev\apache-maven-3.5.4\bin;C:\Dev\curl-7.72.0-win64-mingw\bin;C:\Users\m999jad\AppData\Local\Microsoft\WindowsApps;C:\Dev\ideaProjects\jeka\dev.jeka.core\jeka\output\distrib;;."/>
<property name="java.runtime.name" value="Java(TM) SE Runtime Environment"/>
<property name="java.runtime.version" value="1.8.0_91-b14"/>
<property name="java.specification.name" value="Java Platform API Specification"/>
<property name="java.specification.vendor" value="Oracle Corporation"/>
<property name="java.specification.version" value="1.8"/>
<property name="java.vendor" value="Oracle Corporation"/>
<property name="java.vendor.url" value="http://java.oracle.com/"/>
<property name="java.vendor.url.bug" value="http://bugreport.sun.com/bugreport/"/>
<property name="java.version" value="1.8.0_91"/>
<property name="java.vm.info" value="mixed mode"/>
<property name="java.vm.name" value="Java HotSpot(TM) 64-Bit Server VM"/>
<property name="java.vm.specification.name" value="Java Virtual Machine Specification"/>
<property name="java.vm.specification.vendor" value="Oracle Corporation"/>
<property name="java.vm.specification.version" value="1.8"/>
<property name="java.vm.vendor" value="Oracle Corporation"/>
<property name="java.vm.version" value="25.91-b14"/>
<property name="line.separator" value="
"/>
<property name="os.arch" value="amd64"/>
<property name="os.name" value="Windows 10"/>
<property name="os.version" value="10.0"/>
<property name="path.separator" value=";"/>
<property name="sun.arch.data.model" value="64"/>
<property name="sun.boot.class.path" value="C:\Dev\jdk_1.8.0.91_64\jre\lib\resources.jar;C:\Dev\jdk_1.8.0.91_64\jre\lib\rt.jar;C:\Dev\jdk_1.8.0.91_64\jre\lib\sunrsasign.jar;C:\Dev\jdk_1.8.0.91_64\jre\lib\jsse.jar;C:\Dev\jdk_1.8.0.91_64\jre\lib\jce.jar;C:\Dev\jdk_1.8.0.91_64\jre\lib\charsets.jar;C:\Dev\jdk_1.8.0.91_64\jre\lib\jfr.jar;C:\Dev\jdk_1.8.0.91_64\jre\classes"/>
<property name="sun.boot.library.path" value="C:\Dev\jdk_1.8.0.91_64\jre\bin"/>
<property name="sun.cpu.endian" value="little"/>
<property name="sun.cpu.isalist" value="amd64"/>
<property name="sun.desktop" value="windows"/>
<property name="sun.io.unicode.encoding" value="UnicodeLittle"/>
<property name="sun.java.command" value="dev.jeka.core.api.java.testing.JkTestProcessor C:\Users\m999jad\AppData\Local\Temp\1\testArgs-1997066757997066093.ser"/>
<property name="sun.java.launcher" value="SUN_STANDARD"/>
<property name="sun.jnu.encoding" value="Cp1252"/>
<property name="sun.management.compiler" value="HotSpot 64-Bit Tiered Compilers"/>
<property name="sun.os.patch.level" value=""/>
<property name="user.country" value="GB"/>
<property name="user.country.format" value="BE"/>
<property name="user.dir" value="C:\Users\m999jad\IdeaProjects\sonarqube-plugin\dev.jeka.plugins.sonarqube"/>
<property name="user.home" value="C:\Users\m999jad"/>
<property name="user.language" value="en"/>
<property name="user.name" value="M999JAD"/>
<property name="user.script" value=""/>
<property name="user.timezone" value="Europe/Paris"/>
<property name="user.variant" value=""/>
</properties>
<system-out><![CDATA[
unique-id: [engine:junit-vintage]
display-name: JUnit Vintage
]]></system-out>
</testsuite>
